<?xml version="1.0" encoding="UTF-8"?>
<testsuite xmlns:xsi="http://www.w3.org/2001/XMLSchema-instance" xsi:noNamespaceSchemaLocation="https://maven.apache.org/surefire/maven-surefire-plugin/xsd/surefire-test-report-3.0.xsd" version="3.0" name="com.stoyandev.caloriecalculator.CalorieCalculatorApplicationTests" time="3.211" tests="1" errors="0" skipped="0" failures="0">
  <properties>
[...]
</properties>
  <testcase name="contextLoads" classname="com.stoyandev.caloriecalculator.CalorieCalculatorApplicationTests" time="0.344">
    <system-out><![CDATA[19:43:28.333 [main] INFO org.springframework.test.context.support.AnnotationConfigContextLoaderUtils -- Could not detect default configuration classes for test class [com.stoyandev.caloriecalculator.CalorieCalculatorApplicationTests]: CalorieCalculatorApplicationTests does not declare any static, non-private, non-final, nested classes annotated with @Configuration.
19:43:28.392 [main] INFO org.springframework.boot.test.context.SpringBootTestContextBootstrapper -- Found @SpringBootConfiguration com.stoyandev.caloriecalculator.CalorieCalculatorApplication for test class com.stoyandev.caloriecalculator.CalorieCalculatorApplicationTests
  .   ____          _            __ _ _
 /\\ / ___'_ __ _ _(_)_ __  __ _ \ \ \ \
( ( )\___ | '_ | '_| | '_ \/ _` | \ \ \ \
 \\/  ___)| |_)| | | | | || (_| |  ) ) ) )
  '  |____| .__|_| |_|_| |_\__, | / / / /
 =========|_|==============|___/=/_/_/_/

 :: Spring Boot ::                (v3.3.0)

2025-10-04T19:43:28.571+03:00  INFO 4409 --- [calories] [           main] c.s.c.CalorieCalculatorApplicationTests  : Starting CalorieCalculatorApplicationTests using Java 17.0.10 with PID 4409 (started by stoyanivanov in /Users/stoyanivanov/Desktop/Documents/SAP/CaloriesCalculator)
2025-10-04T19:43:28.572+03:00  INFO 4409 --- [calories] [           main] c.s.c.CalorieCalculatorApplicationTests  : No active profile set, falling back to 1 default profile: "default"
2025-10-04T19:43:28.945+03:00  INFO 4409 --- [calories] [           main] .s.d.r.c.RepositoryConfigurationDelegate : Bootstrapping Spring Data JPA repositories in DEFAULT mode.
2025-10-04T19:43:28.977+03:00  INFO 4409 --- [calories] [           main] .s.d.r.c.RepositoryConfigurationDelegate : Finished Spring Data repository scanning in 28 ms. Found 6 JPA repository interfaces.
2025-10-04T19:43:29.241+03:00  INFO 4409 --- [calories] [           main] o.hibernate.jpa.internal.util.LogHelper  : HHH000204: Processing PersistenceUnitInfo [name: default]
2025-10-04T19:43:29.268+03:00  INFO 4409 --- [calories] [           main] org.hibernate.Version                    : HHH000412: Hibernate ORM core version 6.5.2.Final
2025-10-04T19:43:29.288+03:00  INFO 4409 --- [calories] [           main] o.h.c.internal.RegionFactoryInitiator    : HHH000026: Second-level cache disabled
2025-10-04T19:43:29.425+03:00  INFO 4409 --- [calories] [           main] o.s.o.j.p.SpringPersistenceUnitInfo      : No LoadTimeWeaver setup: ignoring JPA class transformer
2025-10-04T19:43:29.438+03:00  INFO 4409 --- [calories] [           main] com.zaxxer.hikari.HikariDataSource       : HikariPool-1 - Starting...
2025-10-04T19:43:29.561+03:00  INFO 4409 --- [calories] [           main] com.zaxxer.hikari.pool.HikariPool        : HikariPool-1 - Added connection org.postgresql.jdbc.PgConnection@1029cf9
2025-10-04T19:43:29.562+03:00  INFO 4409 --- [calories] [           main] com.zaxxer.hikari.HikariDataSource       : HikariPool-1 - Start completed.
2025-10-04T19:43:30.057+03:00  INFO 4409 --- [calories] [           main] o.h.e.t.j.p.i.JtaPlatformInitiator       : HHH000489: No JTA platform available (set 'hibernate.transaction.jta.platform' to enable JTA platform integration)
2025-10-04T19:43:30.135+03:00  WARN 4409 --- [calories] [           main] o.h.engine.jdbc.spi.SqlExceptionHelper   : SQL Warning Code: 0, SQLState: 00000
2025-10-04T19:43:30.135+03:00  WARN 4409 --- [calories] [           main] o.h.engine.jdbc.spi.SqlExceptionHelper   : constraint "uk7b7j83l6dquot72lsg25y8323" of relation "goal" does not exist, skipping
2025-10-04T19:43:30.189+03:00  INFO 4409 --- [calories] [           main] j.LocalContainerEntityManagerFactoryBean : Initialized JPA EntityManagerFactory for persistence unit 'default'
2025-10-04T19:43:30.328+03:00  INFO 4409 --- [calories] [           main] o.s.d.j.r.query.QueryEnhancerFactory     : Hibernate is in classpath; If applicable, HQL parser will be used.
2025-10-04T19:43:30.603+03:00  INFO 4409 --- [calories] [           main] eAuthenticationProviderManagerConfigurer : Global AuthenticationManager configured with AuthenticationProvider bean with name authenticationProvider
2025-10-04T19:43:30.603+03:00  WARN 4409 --- [calories] [           main] r$InitializeUserDetailsManagerConfigurer : Global AuthenticationManager configured with an AuthenticationProvider bean. UserDetailsService beans will not be used for username/password login. Consider removing the AuthenticationProvider bean. Alternatively, consider using the UserDetailsService in a manually instantiated DaoAuthenticationProvider.
2025-10-04T19:43:30.659+03:00  WARN 4409 --- [calories] [           main] JpaBaseConfiguration$JpaWebConfiguration : spring.jpa.open-in-view is enabled by default. Therefore, database queries may be performed during view rendering. Explicitly configure spring.jpa.open-in-view to disable this warning
2025-10-04T19:43:30.886+03:00  INFO 4409 --- [calories] [           main] o.s.s.web.DefaultSecurityFilterChain     : Will secure any request with [org.springframework.security.web.session.DisableEncodeUrlFilter@bf2f2ce, org.springframework.security.web.context.request.async.WebAsyncManagerIntegrationFilter@7b1d3a05, org.springframework.security.web.context.SecurityContextHolderFilter@582ce329, org.springframework.security.web.header.HeaderWriterFilter@37b04a2a, org.springframework.web.filter.CorsFilter@cc41d2d, org.springframework.security.web.authentication.logout.LogoutFilter@71904ea8, com.stoyandev.caloriecalculator.security.JwtAuthenticationFilter@22858c21, org.springframework.security.web.authentication.www.BasicAuthenticationFilter@12ec5e73, org.springframework.security.web.savedrequest.RequestCacheAwareFilter@5e888fba, org.springframework.security.web.servletapi.SecurityContextHolderAwareRequestFilter@395ac2e5, org.springframework.security.web.authentication.AnonymousAuthenticationFilter@4c343088, org.springframework.security.web.access.ExceptionTranslationFilter@1220969, org.springframework.security.web.access.intercept.AuthorizationFilter@2ab0ca04]
2025-10-04T19:43:31.100+03:00  INFO 4409 --- [calories] [           main] c.s.c.CalorieCalculatorApplicationTests  : Started CalorieCalculatorApplicationTests in 2.64 seconds (process running for 3.179)
]]></system-out>
  </testcase>
</testsuite>